Start testing: Jul 15 13:08 GMT Summer Time
----------------------------------------------------------
1/32 Testing: parity_asset_verification
1/32 Test: parity_asset_verification
Command: "C:/Program Files/CMake/bin/cmake.exe" "-P" "E:/Repositories/Gladiator-Bot-reverse/build-fable/parity_asset_verification.cmake"
Directory: E:/Repositories/Gladiator-Bot-reverse/build-fable/tests
"parity_asset_verification" start time: Jul 15 13:08 GMT Summer Time
Output:
----------------------------------------------------------
-- Parity asset verification failed:
--  - mover BSP (E:/Repositories/Gladiator-Bot-reverse/dev_tools/assets/maps/test_mover.bsp)
--  - mover AAS (E:/Repositories/Gladiator-Bot-reverse/dev_tools/assets/maps/test_mover.aas)
CMake Error at E:/Repositories/Gladiator-Bot-reverse/build-fable/parity_asset_verification.cmake:29 (message):
  Stage the listed assets under
  E:/Repositories/Gladiator-Bot-reverse/dev_tools/assets (or set
  GLADIATOR_ASSET_DIR to the correct asset root) before rerunning the parity
  suite.  See tests/README.md for download locations and layout requirements.


<end of output>
Test time =   0.03 sec
----------------------------------------------------------
Test Failed.
"parity_asset_verification" end time: Jul 15 13:08 GMT Summer Time
"parity_asset_verification" time elapsed: 00:00:00
----------------------------------------------------------

Failed test dependencies: parity_asset_verification
4/32 Testing: botlib_parity_bot_interface
4/32 Test: botlib_parity_bot_interface
Command: ""
Directory: E:/Repositories/Gladiator-Bot-reverse/build-fable/tests/parity
"botlib_parity_bot_interface" start time: 
Output:
----------------------------------------------------------
<end of output>
Test time =   0.00 sec
----------------------------------------------------------
Test Passed.
"botlib_parity_bot_interface" end time: Jul 15 13:08 GMT Summer Time
"botlib_parity_bot_interface" time elapsed: 00:00:00
----------------------------------------------------------

End testing: Jul 15 13:08 GMT Summer Time

Parity =   0.03 sec*proc

